[debug] [2022-10-28T08:11:07.344Z] ----------------------------------------------------------------------
[debug] [2022-10-28T08:11:07.346Z] Command:       C:\Program Files\nodejs\node.exe C:\Users\tyoma\AppData\Roaming\npm\node_modules\firebase-tools\lib\bin\firebase.js emulators:start --only functions
[debug] [2022-10-28T08:11:07.346Z] CLI Version:   11.9.0
[debug] [2022-10-28T08:11:07.346Z] Platform:      win32
[debug] [2022-10-28T08:11:07.346Z] Node Version:  v18.7.0
[debug] [2022-10-28T08:11:07.347Z] Time:          Fri Oct 28 2022 11:11:07 GMT+0300 (Москва, стандартное время)
[debug] [2022-10-28T08:11:07.347Z] ----------------------------------------------------------------------
[debug] 
[debug] [2022-10-28T08:11:07.432Z] > command requires scopes: ["email","openid","https://www.googleapis.com/auth/cloudplatformprojects.readonly","https://www.googleapis.com/auth/firebase","https://www.googleapis.com/auth/cloud-platform"]
[debug] [2022-10-28T08:11:07.433Z] > authorizing via signed-in user (tyoma.manager@gmail.com)
[info] i  emulators: Starting emulators: functions {"metadata":{"emulator":{"name":"hub"},"message":"Starting emulators: functions"}}
[debug] [2022-10-28T08:11:07.449Z] [hub] writing locator at C:\Users\tyoma\AppData\Local\Temp\hub-collections-lib.json
[warn] !  functions: The following emulators are not running, calls to these services from the Functions emulator will affect production: auth, firestore, database, hosting, pubsub, storage, eventarc {"metadata":{"emulator":{"name":"functions"},"message":"The following emulators are not running, calls to these services from the Functions emulator will affect production: \u001b[1mauth, firestore, database, hosting, pubsub, storage, eventarc\u001b[22m"}}
[warn] !  Your requested "node" version "16" doesn't match your global version "18". Using node@18 from host. {"metadata":{"emulator":{"name":"functions"},"message":"Your requested \"node\" version \"16\" doesn't match your global version \"18\". Using node@18 from host."}}
[debug] [2022-10-28T08:11:07.481Z] defaultcredentials: writing to file C:\Users\tyoma\AppData\Roaming\firebase\tyoma_manager_gmail.com_application_default_credentials.json
[debug] [2022-10-28T08:11:07.483Z] Setting GAC to C:\Users\tyoma\AppData\Roaming\firebase\tyoma_manager_gmail.com_application_default_credentials.json {"metadata":{"emulator":{"name":"functions"},"message":"Setting GAC to C:\\Users\\tyoma\\AppData\\Roaming\\firebase\\tyoma_manager_gmail.com_application_default_credentials.json"}}
[debug] [2022-10-28T08:11:07.484Z] > refreshing access token with scopes: []
[debug] [2022-10-28T08:11:07.486Z] >>> [apiv2][query] POST https://www.googleapis.com/oauth2/v3/token [none]
[debug] [2022-10-28T08:11:07.486Z] >>> [apiv2][body] POST https://www.googleapis.com/oauth2/v3/token [omitted]
[debug] [2022-10-28T08:11:07.667Z] <<< [apiv2][status] POST https://www.googleapis.com/oauth2/v3/token 200
[debug] [2022-10-28T08:11:07.667Z] <<< [apiv2][body] POST https://www.googleapis.com/oauth2/v3/token [omitted]
[debug] [2022-10-28T08:11:07.673Z] >>> [apiv2][query] GET https://firebase.googleapis.com/v1beta1/projects/collections-lib/adminSdkConfig [none]
[debug] [2022-10-28T08:11:07.977Z] <<< [apiv2][status] GET https://firebase.googleapis.com/v1beta1/projects/collections-lib/adminSdkConfig 200
[debug] [2022-10-28T08:11:07.977Z] <<< [apiv2][body] GET https://firebase.googleapis.com/v1beta1/projects/collections-lib/adminSdkConfig {"projectId":"collections-lib","storageBucket":"collections-lib.appspot.com"}
[debug] [2022-10-28T08:11:08.003Z] Ignoring unsupported arg: auto_download {"metadata":{"emulator":{"name":"ui"},"message":"Ignoring unsupported arg: auto_download"}}
[debug] [2022-10-28T08:11:08.003Z] Ignoring unsupported arg: port {"metadata":{"emulator":{"name":"ui"},"message":"Ignoring unsupported arg: port"}}
[debug] [2022-10-28T08:11:08.003Z] Starting Emulator UI with command {"binary":"node","args":["C:\\Users\\tyoma\\.cache\\firebase\\emulators\\ui-v1.9.0\\server\\server.js"],"optionalArgs":[],"joinArgs":false} {"metadata":{"emulator":{"name":"ui"},"message":"Starting Emulator UI with command {\"binary\":\"node\",\"args\":[\"C:\\\\Users\\\\tyoma\\\\.cache\\\\firebase\\\\emulators\\\\ui-v1.9.0\\\\server\\\\server.js\"],\"optionalArgs\":[],\"joinArgs\":false}"}}
[info] i  ui: Emulator UI logging to ui-debug.log {"metadata":{"emulator":{"name":"ui"},"message":"Emulator UI logging to \u001b[1mui-debug.log\u001b[22m"}}
[debug] [2022-10-28T08:11:08.104Z] Web / API server started at localhost:4000
 {"metadata":{"emulator":{"name":"ui"},"message":"Web / API server started at localhost:4000\n"}}
[info] i  functions: Watching "D:\IT\Itransition\Project\server" for Cloud Functions... {"metadata":{"emulator":{"name":"functions"},"message":"Watching \"D:\\IT\\Itransition\\Project\\server\" for Cloud Functions..."}}
[debug] [2022-10-28T08:11:08.270Z] Validating nodejs source
[warn] !  functions: package.json indicates an outdated version of firebase-functions. Please upgrade using npm install --save firebase-functions@latest in your functions directory. 
[warn] !  functions: Please note that there will be breaking changes when you upgrade. 
[debug] [2022-10-28T08:11:10.830Z] > [functions] package.json contents: {
  "name": "functions",
  "description": "Cloud Functions for Firebase",
  "scripts": {
    "lint": "eslint .",
    "serve": "firebase emulators:start --only functions",
    "shell": "firebase functions:shell",
    "start": "npm run shell",
    "deploy": "firebase deploy --only functions",
    "logs": "firebase functions:log"
  },
  "engines": {
    "node": "16"
  },
  "main": "index.js",
  "dependencies": {
    "dotenv": "^16.0.3",
    "express": "^4.18.2",
    "firebase-admin": "^10.0.2",
    "firebase-functions": "^3.18.0",
    "mongoose": "^6.7.0"
  },
  "devDependencies": {
    "eslint": "^8.9.0",
    "eslint-config-google": "^0.14.0",
    "firebase-functions-test": "^0.2.0"
  },
  "private": true
}
[debug] [2022-10-28T08:11:10.831Z] Building nodejs source
[debug] [2022-10-28T08:11:10.831Z] Analyzing nodejs backend spec
[debug] [2022-10-28T08:11:10.832Z] Could not find functions.yaml. Must use http discovery
[debug] [2022-10-28T08:11:11.637Z] Serving at port 9005

[debug] [2022-10-28T08:11:15.331Z] Got response from /__/functions.yaml {"endpoints":{"app":{"platform":"gcfv1","region":["europe-central2"],"httpsTrigger":{},"entryPoint":"app"}},"specVersion":"v1alpha1","requiredAPIs":[]}
[debug] [2022-10-28T08:11:15.336Z] shutdown requested via /__/quitquitquit

[info] +  functions: Loaded functions definitions from source: app. {"metadata":{"emulator":{"name":"functions"},"message":"Loaded functions definitions from source: app."}}
[info] +  functions[europe-central2-app]: http function initialized (http://localhost:5001/collections-lib/europe-central2/app). {"metadata":{"emulator":{"name":"functions"},"message":"\u001b[1mhttp\u001b[22m function initialized (http://localhost:5001/collections-lib/europe-central2/app)."}}
[info] 
┌─────────────────────────────────────────────────────────────┐
│ ✔  All emulators ready! It is now safe to connect your app. │
│ i  View Emulator UI at http://localhost:4000                │
└─────────────────────────────────────────────────────────────┘

┌───────────┬────────────────┬─────────────────────────────────┐
│ Emulator  │ Host:Port      │ View in Emulator UI             │
├───────────┼────────────────┼─────────────────────────────────┤
│ Functions │ localhost:5001 │ http://localhost:4000/functions │
└───────────┴────────────────┴─────────────────────────────────┘
  Emulator Hub running at localhost:4400
  Other reserved ports: 4500

Issues? Report them at https://github.com/firebase/firebase-tools/issues and attach the *-debug.log files.
 
[debug] [2022-10-28T09:45:52.228Z] [work-queue] {"queueLength":1,"workRunningCount":0}
[debug] [2022-10-28T09:45:52.228Z] [work-queue] {"queueLength":0,"workRunningCount":1}
[debug] [2022-10-28T09:45:52.228Z] Accepted request GET /collections-lib/europe-central2/app/collections --> europe-central2-app
[info] i  functions: Loaded environment variables from .env. 
[debug] [2022-10-28T09:45:52.237Z] [worker-pool] addWorker(europe-central2-app) {"metadata":{"emulator":{"name":"functions"},"message":"[worker-pool] addWorker(europe-central2-app)"}}
[debug] [2022-10-28T09:45:52.237Z] [worker-pool] Adding worker with key europe-central2-app, total=1 {"metadata":{"emulator":{"name":"functions"},"message":"[worker-pool] Adding worker with key europe-central2-app, total=1"}}
[debug] [2022-10-28T09:45:52.237Z] [worker-pool] submitWork(triggerId=europe-central2-app) {"metadata":{"emulator":{"name":"functions"},"message":"[worker-pool] submitWork(triggerId=europe-central2-app)"}}
[debug] [2022-10-28T09:45:52.237Z] [worker-europe-central2-app-96395c49-3b14-4c9c-861a-cd620ab25b65]: BUSY {"metadata":{"emulator":{"name":"functions"},"message":"[worker-europe-central2-app-96395c49-3b14-4c9c-861a-cd620ab25b65]: BUSY"}}
[debug] [2022-10-28T09:45:53.246Z] [runtime-status] [3928] Resolved module firebase-admin {"declared":true,"installed":true,"version":"10.3.0","resolution":"D:\\IT\\Itransition\\Project\\server\\node_modules\\firebase-admin\\lib\\index.js"} {"metadata":{"emulator":{"name":"functions"},"function":{"name":"europe-central2-app"},"extension":{},"message":"[runtime-status] [3928] Resolved module firebase-admin {\"declared\":true,\"installed\":true,\"version\":\"10.3.0\",\"resolution\":\"D:\\\\IT\\\\Itransition\\\\Project\\\\server\\\\node_modules\\\\firebase-admin\\\\lib\\\\index.js\"}"}}
[debug] [2022-10-28T09:45:53.246Z] [runtime-status] [3928] Resolved module firebase-functions {"declared":true,"installed":true,"version":"3.24.1","resolution":"D:\\IT\\Itransition\\Project\\server\\node_modules\\firebase-functions\\lib\\index.js"} {"metadata":{"emulator":{"name":"functions"},"function":{"name":"europe-central2-app"},"extension":{},"message":"[runtime-status] [3928] Resolved module firebase-functions {\"declared\":true,\"installed\":true,\"version\":\"3.24.1\",\"resolution\":\"D:\\\\IT\\\\Itransition\\\\Project\\\\server\\\\node_modules\\\\firebase-functions\\\\lib\\\\index.js\"}"}}
[debug] [2022-10-28T09:45:53.247Z] [runtime-status] [3928] Outgoing network have been stubbed. [{"name":"http","status":"mocked"},{"name":"http","status":"mocked"},{"name":"https","status":"mocked"},{"name":"https","status":"mocked"},{"name":"net","status":"mocked"}] {"metadata":{"emulator":{"name":"functions"},"function":{"name":"europe-central2-app"},"extension":{},"message":"[runtime-status] [3928] Outgoing network have been stubbed. [{\"name\":\"http\",\"status\":\"mocked\"},{\"name\":\"http\",\"status\":\"mocked\"},{\"name\":\"https\",\"status\":\"mocked\"},{\"name\":\"https\",\"status\":\"mocked\"},{\"name\":\"net\",\"status\":\"mocked\"}]"}}
[debug] [2022-10-28T09:45:53.248Z] [runtime-status] [3928] Resolved module firebase-functions {"declared":true,"installed":true,"version":"3.24.1","resolution":"D:\\IT\\Itransition\\Project\\server\\node_modules\\firebase-functions\\lib\\index.js"} {"metadata":{"emulator":{"name":"functions"},"function":{"name":"europe-central2-app"},"extension":{},"message":"[runtime-status] [3928] Resolved module firebase-functions {\"declared\":true,\"installed\":true,\"version\":\"3.24.1\",\"resolution\":\"D:\\\\IT\\\\Itransition\\\\Project\\\\server\\\\node_modules\\\\firebase-functions\\\\lib\\\\index.js\"}"}}
[debug] [2022-10-28T09:45:53.297Z] [runtime-status] [3928] Checked functions.config() {"config":{}} {"metadata":{"emulator":{"name":"functions"},"function":{"name":"europe-central2-app"},"extension":{},"message":"[runtime-status] [3928] Checked functions.config() {\"config\":{}}"}}
[debug] [2022-10-28T09:45:53.298Z] [runtime-status] [3928] firebase-functions has been stubbed. {"functionsResolution":{"declared":true,"installed":true,"version":"3.24.1","resolution":"D:\\IT\\Itransition\\Project\\server\\node_modules\\firebase-functions\\lib\\index.js"}} {"metadata":{"emulator":{"name":"functions"},"function":{"name":"europe-central2-app"},"extension":{},"message":"[runtime-status] [3928] firebase-functions has been stubbed. {\"functionsResolution\":{\"declared\":true,\"installed\":true,\"version\":\"3.24.1\",\"resolution\":\"D:\\\\IT\\\\Itransition\\\\Project\\\\server\\\\node_modules\\\\firebase-functions\\\\lib\\\\index.js\"}}"}}
[debug] [2022-10-28T09:45:53.298Z] [runtime-status] [3928] Resolved module firebase-functions {"declared":true,"installed":true,"version":"3.24.1","resolution":"D:\\IT\\Itransition\\Project\\server\\node_modules\\firebase-functions\\lib\\index.js"} {"metadata":{"emulator":{"name":"functions"},"function":{"name":"europe-central2-app"},"extension":{},"message":"[runtime-status] [3928] Resolved module firebase-functions {\"declared\":true,\"installed\":true,\"version\":\"3.24.1\",\"resolution\":\"D:\\\\IT\\\\Itransition\\\\Project\\\\server\\\\node_modules\\\\firebase-functions\\\\lib\\\\index.js\"}"}}
[debug] [2022-10-28T09:45:53.302Z] [runtime-status] [3928] Resolved module firebase-admin {"declared":true,"installed":true,"version":"10.3.0","resolution":"D:\\IT\\Itransition\\Project\\server\\node_modules\\firebase-admin\\lib\\index.js"} {"metadata":{"emulator":{"name":"functions"},"function":{"name":"europe-central2-app"},"extension":{},"message":"[runtime-status] [3928] Resolved module firebase-admin {\"declared\":true,\"installed\":true,\"version\":\"10.3.0\",\"resolution\":\"D:\\\\IT\\\\Itransition\\\\Project\\\\server\\\\node_modules\\\\firebase-admin\\\\lib\\\\index.js\"}"}}
[debug] [2022-10-28T09:45:53.302Z] [runtime-status] [3928] Resolved module firebase-functions {"declared":true,"installed":true,"version":"3.24.1","resolution":"D:\\IT\\Itransition\\Project\\server\\node_modules\\firebase-functions\\lib\\index.js"} {"metadata":{"emulator":{"name":"functions"},"function":{"name":"europe-central2-app"},"extension":{},"message":"[runtime-status] [3928] Resolved module firebase-functions {\"declared\":true,\"installed\":true,\"version\":\"3.24.1\",\"resolution\":\"D:\\\\IT\\\\Itransition\\\\Project\\\\server\\\\node_modules\\\\firebase-functions\\\\lib\\\\index.js\"}"}}
[debug] [2022-10-28T09:45:53.302Z] [runtime-status] [3928] firebase-admin has been stubbed. {"adminResolution":{"declared":true,"installed":true,"version":"10.3.0","resolution":"D:\\IT\\Itransition\\Project\\server\\node_modules\\firebase-admin\\lib\\index.js"}} {"metadata":{"emulator":{"name":"functions"},"function":{"name":"europe-central2-app"},"extension":{},"message":"[runtime-status] [3928] firebase-admin has been stubbed. {\"adminResolution\":{\"declared\":true,\"installed\":true,\"version\":\"10.3.0\",\"resolution\":\"D:\\\\IT\\\\Itransition\\\\Project\\\\server\\\\node_modules\\\\firebase-admin\\\\lib\\\\index.js\"}}"}}
[debug] [2022-10-28T09:45:53.302Z] [runtime-status] [3928] Functions runtime initialized. {"cwd":"D:\\IT\\Itransition\\Project\\server","node_version":"18.7.0"} {"metadata":{"emulator":{"name":"functions"},"function":{"name":"europe-central2-app"},"extension":{},"message":"[runtime-status] [3928] Functions runtime initialized. {\"cwd\":\"D:\\\\IT\\\\Itransition\\\\Project\\\\server\",\"node_version\":\"18.7.0\"}"}}
[debug] [2022-10-28T09:45:54.004Z] [runtime-status] [3928] Beginning invocation function app! {"metadata":{"emulator":{"name":"functions"},"function":{"name":"europe-central2-app"},"extension":{},"message":"[runtime-status] [3928] Beginning invocation function app!"}}
[info] i  functions: Beginning execution of "app" {"metadata":{"emulator":{"name":"functions"},"function":{"name":"europe-central2-app"},"extension":{},"message":"Beginning execution of \"app\""}}
[debug] [2022-10-28T09:45:54.006Z] [runtime-status] [3928] Running app in signature http {"metadata":{"emulator":{"name":"functions"},"function":{"name":"europe-central2-app"},"extension":{},"message":"[runtime-status] [3928] Running app in signature http"}}
[debug] [2022-10-28T09:45:54.011Z] [runtime-status] [3928] Listening to port: \\?\pipe\fire_emu_c78d91f25ad4aafc {"metadata":{"emulator":{"name":"functions"},"function":{"name":"europe-central2-app"},"extension":{},"message":"[runtime-status] [3928] Listening to port: \\\\?\\pipe\\fire_emu_c78d91f25ad4aafc"}}
[debug] [2022-10-28T09:45:54.114Z] [functions] Runtime ready! Sending request! {"metadata":{"emulator":{"name":"functions"},"message":"[functions] Runtime ready! Sending request!"}}
[debug] [2022-10-28T09:45:54.115Z] [functions] Got req.url=/collections-lib/europe-central2/app/collections, mapping to path=/collections {"metadata":{"emulator":{"name":"functions"},"message":"[functions] Got req.url=/collections-lib/europe-central2/app/collections, mapping to path=/collections"}}
[debug] [2022-10-28T09:45:54.116Z] [runtime-status] [3928] Ephemeral server handling GET request {"metadata":{"emulator":{"name":"functions"},"function":{"name":"europe-central2-app"},"extension":{},"message":"[runtime-status] [3928] Ephemeral server handling GET request"}}
[debug] [2022-10-28T09:45:54.119Z] [runtime-status] [3928] Ephemeral server survived. {"metadata":{"emulator":{"name":"functions"},"function":{"name":"europe-central2-app"},"extension":{},"message":"[runtime-status] [3928] Ephemeral server survived."}}
[info] i  functions: Finished "app" in ~1s {"metadata":{"emulator":{"name":"functions"},"function":{"name":"europe-central2-app"},"extension":{},"message":"Finished \"app\" in ~1s"}}
[debug] [2022-10-28T09:45:54.120Z] [worker-europe-central2-app-96395c49-3b14-4c9c-861a-cd620ab25b65]: IDLE {"metadata":{"emulator":{"name":"functions"},"message":"[worker-europe-central2-app-96395c49-3b14-4c9c-861a-cd620ab25b65]: IDLE"}}
[debug] [2022-10-28T09:45:54.120Z] [work-queue] {"queueLength":0,"workRunningCount":0}
[debug] [2022-10-28T09:46:02.340Z] [work-queue] {"queueLength":1,"workRunningCount":0}
[debug] [2022-10-28T09:46:02.340Z] [work-queue] {"queueLength":0,"workRunningCount":1}
[debug] [2022-10-28T09:46:02.340Z] Accepted request GET /collections-lib/europe-central2/app/collections/ --> europe-central2-app
[debug] [2022-10-28T09:46:02.340Z] [worker-pool] submitWork(triggerId=europe-central2-app) {"metadata":{"emulator":{"name":"functions"},"message":"[worker-pool] submitWork(triggerId=europe-central2-app)"}}
[debug] [2022-10-28T09:46:02.340Z] [worker-europe-central2-app-96395c49-3b14-4c9c-861a-cd620ab25b65]: BUSY {"metadata":{"emulator":{"name":"functions"},"message":"[worker-europe-central2-app-96395c49-3b14-4c9c-861a-cd620ab25b65]: BUSY"}}
[debug] [2022-10-28T09:46:02.341Z] [runtime-status] [3928] Beginning invocation function app! {"metadata":{"emulator":{"name":"functions"},"function":{"name":"europe-central2-app"},"extension":{},"message":"[runtime-status] [3928] Beginning invocation function app!"}}
[info] i  functions: Beginning execution of "app" {"metadata":{"emulator":{"name":"functions"},"function":{"name":"europe-central2-app"},"extension":{},"message":"Beginning execution of \"app\""}}
[debug] [2022-10-28T09:46:02.341Z] [runtime-status] [3928] Running app in signature http {"metadata":{"emulator":{"name":"functions"},"function":{"name":"europe-central2-app"},"extension":{},"message":"[runtime-status] [3928] Running app in signature http"}}
[debug] [2022-10-28T09:46:02.342Z] [runtime-status] [3928] Listening to port: \\?\pipe\fire_emu_c78d91f25ad4aafc {"metadata":{"emulator":{"name":"functions"},"function":{"name":"europe-central2-app"},"extension":{},"message":"[runtime-status] [3928] Listening to port: \\\\?\\pipe\\fire_emu_c78d91f25ad4aafc"}}
[debug] [2022-10-28T09:46:02.453Z] [functions] Runtime ready! Sending request! {"metadata":{"emulator":{"name":"functions"},"message":"[functions] Runtime ready! Sending request!"}}
[debug] [2022-10-28T09:46:02.453Z] [functions] Got req.url=/collections-lib/europe-central2/app/collections/, mapping to path=/collections/ {"metadata":{"emulator":{"name":"functions"},"message":"[functions] Got req.url=/collections-lib/europe-central2/app/collections/, mapping to path=/collections/"}}
[debug] [2022-10-28T09:46:02.454Z] [runtime-status] [3928] Ephemeral server handling GET request {"metadata":{"emulator":{"name":"functions"},"function":{"name":"europe-central2-app"},"extension":{},"message":"[runtime-status] [3928] Ephemeral server handling GET request"}}
[debug] [2022-10-28T09:46:02.455Z] [runtime-status] [3928] Ephemeral server survived. {"metadata":{"emulator":{"name":"functions"},"function":{"name":"europe-central2-app"},"extension":{},"message":"[runtime-status] [3928] Ephemeral server survived."}}
[info] i  functions: Finished "app" in ~1s {"metadata":{"emulator":{"name":"functions"},"function":{"name":"europe-central2-app"},"extension":{},"message":"Finished \"app\" in ~1s"}}
[debug] [2022-10-28T09:46:02.456Z] [worker-europe-central2-app-96395c49-3b14-4c9c-861a-cd620ab25b65]: IDLE {"metadata":{"emulator":{"name":"functions"},"message":"[worker-europe-central2-app-96395c49-3b14-4c9c-861a-cd620ab25b65]: IDLE"}}
[debug] [2022-10-28T09:46:02.456Z] [work-queue] {"queueLength":0,"workRunningCount":0}
[debug] [2022-10-28T09:46:32.853Z] [work-queue] {"queueLength":1,"workRunningCount":0}
[debug] [2022-10-28T09:46:32.853Z] [work-queue] {"queueLength":0,"workRunningCount":1}
[debug] [2022-10-28T09:46:32.853Z] Accepted request GET /collections-lib/europe-central2/app/collections --> europe-central2-app
[debug] [2022-10-28T09:46:32.853Z] [worker-pool] submitWork(triggerId=europe-central2-app) {"metadata":{"emulator":{"name":"functions"},"message":"[worker-pool] submitWork(triggerId=europe-central2-app)"}}
[debug] [2022-10-28T09:46:32.853Z] [worker-europe-central2-app-96395c49-3b14-4c9c-861a-cd620ab25b65]: BUSY {"metadata":{"emulator":{"name":"functions"},"message":"[worker-europe-central2-app-96395c49-3b14-4c9c-861a-cd620ab25b65]: BUSY"}}
[debug] [2022-10-28T09:46:32.854Z] [runtime-status] [3928] Beginning invocation function app! {"metadata":{"emulator":{"name":"functions"},"function":{"name":"europe-central2-app"},"extension":{},"message":"[runtime-status] [3928] Beginning invocation function app!"}}
[info] i  functions: Beginning execution of "app" {"metadata":{"emulator":{"name":"functions"},"function":{"name":"europe-central2-app"},"extension":{},"message":"Beginning execution of \"app\""}}
[debug] [2022-10-28T09:46:32.854Z] [runtime-status] [3928] Running app in signature http {"metadata":{"emulator":{"name":"functions"},"function":{"name":"europe-central2-app"},"extension":{},"message":"[runtime-status] [3928] Running app in signature http"}}
[debug] [2022-10-28T09:46:32.855Z] [runtime-status] [3928] Listening to port: \\?\pipe\fire_emu_c78d91f25ad4aafc {"metadata":{"emulator":{"name":"functions"},"function":{"name":"europe-central2-app"},"extension":{},"message":"[runtime-status] [3928] Listening to port: \\\\?\\pipe\\fire_emu_c78d91f25ad4aafc"}}
[debug] [2022-10-28T09:46:32.966Z] [functions] Runtime ready! Sending request! {"metadata":{"emulator":{"name":"functions"},"message":"[functions] Runtime ready! Sending request!"}}
[debug] [2022-10-28T09:46:32.966Z] [functions] Got req.url=/collections-lib/europe-central2/app/collections, mapping to path=/collections {"metadata":{"emulator":{"name":"functions"},"message":"[functions] Got req.url=/collections-lib/europe-central2/app/collections, mapping to path=/collections"}}
[debug] [2022-10-28T09:46:32.967Z] [runtime-status] [3928] Ephemeral server handling GET request {"metadata":{"emulator":{"name":"functions"},"function":{"name":"europe-central2-app"},"extension":{},"message":"[runtime-status] [3928] Ephemeral server handling GET request"}}
[debug] [2022-10-28T09:46:32.968Z] [runtime-status] [3928] Ephemeral server survived. {"metadata":{"emulator":{"name":"functions"},"function":{"name":"europe-central2-app"},"extension":{},"message":"[runtime-status] [3928] Ephemeral server survived."}}
[info] i  functions: Finished "app" in ~1s {"metadata":{"emulator":{"name":"functions"},"function":{"name":"europe-central2-app"},"extension":{},"message":"Finished \"app\" in ~1s"}}
[debug] [2022-10-28T09:46:32.968Z] [worker-europe-central2-app-96395c49-3b14-4c9c-861a-cd620ab25b65]: IDLE {"metadata":{"emulator":{"name":"functions"},"message":"[worker-europe-central2-app-96395c49-3b14-4c9c-861a-cd620ab25b65]: IDLE"}}
[debug] [2022-10-28T09:46:32.968Z] [work-queue] {"queueLength":0,"workRunningCount":0}
[debug] [2022-10-28T09:47:49.421Z] [work-queue] {"queueLength":1,"workRunningCount":0}
[debug] [2022-10-28T09:47:49.421Z] [work-queue] {"queueLength":0,"workRunningCount":1}
[debug] [2022-10-28T09:47:49.421Z] Accepted request GET /collections-lib/europe-central2/app/collections/last?from=2&to=4 --> europe-central2-app
[debug] [2022-10-28T09:47:49.421Z] [worker-pool] submitWork(triggerId=europe-central2-app) {"metadata":{"emulator":{"name":"functions"},"message":"[worker-pool] submitWork(triggerId=europe-central2-app)"}}
[debug] [2022-10-28T09:47:49.421Z] [worker-europe-central2-app-96395c49-3b14-4c9c-861a-cd620ab25b65]: BUSY {"metadata":{"emulator":{"name":"functions"},"message":"[worker-europe-central2-app-96395c49-3b14-4c9c-861a-cd620ab25b65]: BUSY"}}
[debug] [2022-10-28T09:47:49.422Z] [runtime-status] [3928] Beginning invocation function app! {"metadata":{"emulator":{"name":"functions"},"function":{"name":"europe-central2-app"},"extension":{},"message":"[runtime-status] [3928] Beginning invocation function app!"}}
[info] i  functions: Beginning execution of "app" {"metadata":{"emulator":{"name":"functions"},"function":{"name":"europe-central2-app"},"extension":{},"message":"Beginning execution of \"app\""}}
[debug] [2022-10-28T09:47:49.422Z] [runtime-status] [3928] Running app in signature http {"metadata":{"emulator":{"name":"functions"},"function":{"name":"europe-central2-app"},"extension":{},"message":"[runtime-status] [3928] Running app in signature http"}}
[debug] [2022-10-28T09:47:49.422Z] [runtime-status] [3928] Listening to port: \\?\pipe\fire_emu_c78d91f25ad4aafc {"metadata":{"emulator":{"name":"functions"},"function":{"name":"europe-central2-app"},"extension":{},"message":"[runtime-status] [3928] Listening to port: \\\\?\\pipe\\fire_emu_c78d91f25ad4aafc"}}
[debug] [2022-10-28T09:47:49.534Z] [functions] Runtime ready! Sending request! {"metadata":{"emulator":{"name":"functions"},"message":"[functions] Runtime ready! Sending request!"}}
[debug] [2022-10-28T09:47:49.534Z] [functions] Got req.url=/collections-lib/europe-central2/app/collections/last?from=2&to=4, mapping to path=/collections/last?from=2&to=4 {"metadata":{"emulator":{"name":"functions"},"message":"[functions] Got req.url=/collections-lib/europe-central2/app/collections/last?from=2&to=4, mapping to path=/collections/last?from=2&to=4"}}
[debug] [2022-10-28T09:47:49.536Z] [runtime-status] [3928] Ephemeral server handling GET request {"metadata":{"emulator":{"name":"functions"},"function":{"name":"europe-central2-app"},"extension":{},"message":"[runtime-status] [3928] Ephemeral server handling GET request"}}
[debug] [2022-10-28T09:47:49.538Z] [runtime-status] [3928] Ephemeral server survived. {"metadata":{"emulator":{"name":"functions"},"function":{"name":"europe-central2-app"},"extension":{},"message":"[runtime-status] [3928] Ephemeral server survived."}}
[info] i  functions: Finished "app" in ~1s {"metadata":{"emulator":{"name":"functions"},"function":{"name":"europe-central2-app"},"extension":{},"message":"Finished \"app\" in ~1s"}}
[debug] [2022-10-28T09:47:49.620Z] [worker-europe-central2-app-96395c49-3b14-4c9c-861a-cd620ab25b65]: IDLE {"metadata":{"emulator":{"name":"functions"},"message":"[worker-europe-central2-app-96395c49-3b14-4c9c-861a-cd620ab25b65]: IDLE"}}
[debug] [2022-10-28T09:47:49.620Z] [work-queue] {"queueLength":0,"workRunningCount":0}
[debug] [2022-10-28T09:48:03.358Z] [work-queue] {"queueLength":1,"workRunningCount":0}
[debug] [2022-10-28T09:48:03.359Z] [work-queue] {"queueLength":0,"workRunningCount":1}
[debug] [2022-10-28T09:48:03.359Z] Accepted request GET /collections-lib/europe-central2/app/collections/last --> europe-central2-app
[debug] [2022-10-28T09:48:03.359Z] [worker-pool] submitWork(triggerId=europe-central2-app) {"metadata":{"emulator":{"name":"functions"},"message":"[worker-pool] submitWork(triggerId=europe-central2-app)"}}
[debug] [2022-10-28T09:48:03.359Z] [worker-europe-central2-app-96395c49-3b14-4c9c-861a-cd620ab25b65]: BUSY {"metadata":{"emulator":{"name":"functions"},"message":"[worker-europe-central2-app-96395c49-3b14-4c9c-861a-cd620ab25b65]: BUSY"}}
[debug] [2022-10-28T09:48:03.359Z] [runtime-status] [3928] Beginning invocation function app! {"metadata":{"emulator":{"name":"functions"},"function":{"name":"europe-central2-app"},"extension":{},"message":"[runtime-status] [3928] Beginning invocation function app!"}}
[info] i  functions: Beginning execution of "app" {"metadata":{"emulator":{"name":"functions"},"function":{"name":"europe-central2-app"},"extension":{},"message":"Beginning execution of \"app\""}}
[debug] [2022-10-28T09:48:03.360Z] [runtime-status] [3928] Running app in signature http {"metadata":{"emulator":{"name":"functions"},"function":{"name":"europe-central2-app"},"extension":{},"message":"[runtime-status] [3928] Running app in signature http"}}
[debug] [2022-10-28T09:48:03.360Z] [runtime-status] [3928] Listening to port: \\?\pipe\fire_emu_c78d91f25ad4aafc {"metadata":{"emulator":{"name":"functions"},"function":{"name":"europe-central2-app"},"extension":{},"message":"[runtime-status] [3928] Listening to port: \\\\?\\pipe\\fire_emu_c78d91f25ad4aafc"}}
[debug] [2022-10-28T09:48:03.471Z] [functions] Runtime ready! Sending request! {"metadata":{"emulator":{"name":"functions"},"message":"[functions] Runtime ready! Sending request!"}}
[debug] [2022-10-28T09:48:03.472Z] [functions] Got req.url=/collections-lib/europe-central2/app/collections/last, mapping to path=/collections/last {"metadata":{"emulator":{"name":"functions"},"message":"[functions] Got req.url=/collections-lib/europe-central2/app/collections/last, mapping to path=/collections/last"}}
[debug] [2022-10-28T09:48:03.472Z] [runtime-status] [3928] Ephemeral server handling GET request {"metadata":{"emulator":{"name":"functions"},"function":{"name":"europe-central2-app"},"extension":{},"message":"[runtime-status] [3928] Ephemeral server handling GET request"}}
[debug] [2022-10-28T09:48:03.473Z] [runtime-status] [3928] Ephemeral server survived. {"metadata":{"emulator":{"name":"functions"},"function":{"name":"europe-central2-app"},"extension":{},"message":"[runtime-status] [3928] Ephemeral server survived."}}
[info] i  functions: Finished "app" in ~1s {"metadata":{"emulator":{"name":"functions"},"function":{"name":"europe-central2-app"},"extension":{},"message":"Finished \"app\" in ~1s"}}
[debug] [2022-10-28T09:48:03.548Z] [worker-europe-central2-app-96395c49-3b14-4c9c-861a-cd620ab25b65]: IDLE {"metadata":{"emulator":{"name":"functions"},"message":"[worker-europe-central2-app-96395c49-3b14-4c9c-861a-cd620ab25b65]: IDLE"}}
[debug] [2022-10-28T09:48:03.548Z] [work-queue] {"queueLength":0,"workRunningCount":0}
[debug] [2022-10-28T09:48:03.617Z] Functions emulator received unknown request at path /favicon.ico
[debug] [2022-10-28T09:49:04.574Z] [work-queue] {"queueLength":1,"workRunningCount":0}
[debug] [2022-10-28T09:49:04.574Z] [work-queue] {"queueLength":0,"workRunningCount":1}
[debug] [2022-10-28T09:49:04.574Z] Accepted request GET /collections-lib/europe-central2/app/collections/last --> europe-central2-app
[debug] [2022-10-28T09:49:04.574Z] [worker-pool] submitWork(triggerId=europe-central2-app) {"metadata":{"emulator":{"name":"functions"},"message":"[worker-pool] submitWork(triggerId=europe-central2-app)"}}
[debug] [2022-10-28T09:49:04.574Z] [worker-europe-central2-app-96395c49-3b14-4c9c-861a-cd620ab25b65]: BUSY {"metadata":{"emulator":{"name":"functions"},"message":"[worker-europe-central2-app-96395c49-3b14-4c9c-861a-cd620ab25b65]: BUSY"}}
[debug] [2022-10-28T09:49:04.575Z] [runtime-status] [3928] Beginning invocation function app! {"metadata":{"emulator":{"name":"functions"},"function":{"name":"europe-central2-app"},"extension":{},"message":"[runtime-status] [3928] Beginning invocation function app!"}}
[info] i  functions: Beginning execution of "app" {"metadata":{"emulator":{"name":"functions"},"function":{"name":"europe-central2-app"},"extension":{},"message":"Beginning execution of \"app\""}}
[debug] [2022-10-28T09:49:04.575Z] [runtime-status] [3928] Running app in signature http {"metadata":{"emulator":{"name":"functions"},"function":{"name":"europe-central2-app"},"extension":{},"message":"[runtime-status] [3928] Running app in signature http"}}
[debug] [2022-10-28T09:49:04.576Z] [runtime-status] [3928] Listening to port: \\?\pipe\fire_emu_c78d91f25ad4aafc {"metadata":{"emulator":{"name":"functions"},"function":{"name":"europe-central2-app"},"extension":{},"message":"[runtime-status] [3928] Listening to port: \\\\?\\pipe\\fire_emu_c78d91f25ad4aafc"}}
[debug] [2022-10-28T09:49:04.684Z] [functions] Runtime ready! Sending request! {"metadata":{"emulator":{"name":"functions"},"message":"[functions] Runtime ready! Sending request!"}}
[debug] [2022-10-28T09:49:04.684Z] [functions] Got req.url=/collections-lib/europe-central2/app/collections/last, mapping to path=/collections/last {"metadata":{"emulator":{"name":"functions"},"message":"[functions] Got req.url=/collections-lib/europe-central2/app/collections/last, mapping to path=/collections/last"}}
[debug] [2022-10-28T09:49:04.685Z] [runtime-status] [3928] Ephemeral server handling GET request {"metadata":{"emulator":{"name":"functions"},"function":{"name":"europe-central2-app"},"extension":{},"message":"[runtime-status] [3928] Ephemeral server handling GET request"}}
[debug] [2022-10-28T09:49:04.685Z] [runtime-status] [3928] Ephemeral server survived. {"metadata":{"emulator":{"name":"functions"},"function":{"name":"europe-central2-app"},"extension":{},"message":"[runtime-status] [3928] Ephemeral server survived."}}
[info] i  functions: Finished "app" in ~1s {"metadata":{"emulator":{"name":"functions"},"function":{"name":"europe-central2-app"},"extension":{},"message":"Finished \"app\" in ~1s"}}
[debug] [2022-10-28T09:49:04.759Z] [worker-europe-central2-app-96395c49-3b14-4c9c-861a-cd620ab25b65]: IDLE {"metadata":{"emulator":{"name":"functions"},"message":"[worker-europe-central2-app-96395c49-3b14-4c9c-861a-cd620ab25b65]: IDLE"}}
[debug] [2022-10-28T09:49:04.759Z] [work-queue] {"queueLength":0,"workRunningCount":0}
[debug] [2022-10-28T09:49:20.206Z] [work-queue] {"queueLength":1,"workRunningCount":0}
[debug] [2022-10-28T09:49:20.206Z] [work-queue] {"queueLength":0,"workRunningCount":1}
[debug] [2022-10-28T09:49:20.207Z] Accepted request GET /collections-lib/europe-central2/app/collections/last --> europe-central2-app
[debug] [2022-10-28T09:49:20.207Z] [worker-pool] submitWork(triggerId=europe-central2-app) {"metadata":{"emulator":{"name":"functions"},"message":"[worker-pool] submitWork(triggerId=europe-central2-app)"}}
[debug] [2022-10-28T09:49:20.207Z] [worker-europe-central2-app-96395c49-3b14-4c9c-861a-cd620ab25b65]: BUSY {"metadata":{"emulator":{"name":"functions"},"message":"[worker-europe-central2-app-96395c49-3b14-4c9c-861a-cd620ab25b65]: BUSY"}}
[debug] [2022-10-28T09:49:20.208Z] [runtime-status] [3928] Beginning invocation function app! {"metadata":{"emulator":{"name":"functions"},"function":{"name":"europe-central2-app"},"extension":{},"message":"[runtime-status] [3928] Beginning invocation function app!"}}
[info] i  functions: Beginning execution of "app" {"metadata":{"emulator":{"name":"functions"},"function":{"name":"europe-central2-app"},"extension":{},"message":"Beginning execution of \"app\""}}
[debug] [2022-10-28T09:49:20.208Z] [runtime-status] [3928] Running app in signature http {"metadata":{"emulator":{"name":"functions"},"function":{"name":"europe-central2-app"},"extension":{},"message":"[runtime-status] [3928] Running app in signature http"}}
[debug] [2022-10-28T09:49:20.208Z] [runtime-status] [3928] Listening to port: \\?\pipe\fire_emu_c78d91f25ad4aafc {"metadata":{"emulator":{"name":"functions"},"function":{"name":"europe-central2-app"},"extension":{},"message":"[runtime-status] [3928] Listening to port: \\\\?\\pipe\\fire_emu_c78d91f25ad4aafc"}}
[debug] [2022-10-28T09:49:20.323Z] [functions] Runtime ready! Sending request! {"metadata":{"emulator":{"name":"functions"},"message":"[functions] Runtime ready! Sending request!"}}
[debug] [2022-10-28T09:49:20.323Z] [functions] Got req.url=/collections-lib/europe-central2/app/collections/last, mapping to path=/collections/last {"metadata":{"emulator":{"name":"functions"},"message":"[functions] Got req.url=/collections-lib/europe-central2/app/collections/last, mapping to path=/collections/last"}}
[debug] [2022-10-28T09:49:20.324Z] [runtime-status] [3928] Ephemeral server handling GET request {"metadata":{"emulator":{"name":"functions"},"function":{"name":"europe-central2-app"},"extension":{},"message":"[runtime-status] [3928] Ephemeral server handling GET request"}}
[debug] [2022-10-28T09:49:20.325Z] [runtime-status] [3928] Ephemeral server survived. {"metadata":{"emulator":{"name":"functions"},"function":{"name":"europe-central2-app"},"extension":{},"message":"[runtime-status] [3928] Ephemeral server survived."}}
[info] i  functions: Finished "app" in ~1s {"metadata":{"emulator":{"name":"functions"},"function":{"name":"europe-central2-app"},"extension":{},"message":"Finished \"app\" in ~1s"}}
[debug] [2022-10-28T09:49:20.537Z] [worker-europe-central2-app-96395c49-3b14-4c9c-861a-cd620ab25b65]: IDLE {"metadata":{"emulator":{"name":"functions"},"message":"[worker-europe-central2-app-96395c49-3b14-4c9c-861a-cd620ab25b65]: IDLE"}}
[debug] [2022-10-28T09:49:20.537Z] [work-queue] {"queueLength":0,"workRunningCount":0}
[debug] [2022-10-28T09:49:52.249Z] [work-queue] {"queueLength":1,"workRunningCount":0}
[debug] [2022-10-28T09:49:52.249Z] [work-queue] {"queueLength":0,"workRunningCount":1}
[debug] [2022-10-28T09:49:52.249Z] Accepted request GET /collections-lib/europe-central2/app/collections/635aec6b6c8550b380f5c878 --> europe-central2-app
[debug] [2022-10-28T09:49:52.250Z] [worker-pool] submitWork(triggerId=europe-central2-app) {"metadata":{"emulator":{"name":"functions"},"message":"[worker-pool] submitWork(triggerId=europe-central2-app)"}}
[debug] [2022-10-28T09:49:52.250Z] [worker-europe-central2-app-96395c49-3b14-4c9c-861a-cd620ab25b65]: BUSY {"metadata":{"emulator":{"name":"functions"},"message":"[worker-europe-central2-app-96395c49-3b14-4c9c-861a-cd620ab25b65]: BUSY"}}
[debug] [2022-10-28T09:49:52.250Z] [runtime-status] [3928] Beginning invocation function app! {"metadata":{"emulator":{"name":"functions"},"function":{"name":"europe-central2-app"},"extension":{},"message":"[runtime-status] [3928] Beginning invocation function app!"}}
[info] i  functions: Beginning execution of "app" {"metadata":{"emulator":{"name":"functions"},"function":{"name":"europe-central2-app"},"extension":{},"message":"Beginning execution of \"app\""}}
[debug] [2022-10-28T09:49:52.250Z] [runtime-status] [3928] Running app in signature http {"metadata":{"emulator":{"name":"functions"},"function":{"name":"europe-central2-app"},"extension":{},"message":"[runtime-status] [3928] Running app in signature http"}}
[debug] [2022-10-28T09:49:52.252Z] [runtime-status] [3928] Listening to port: \\?\pipe\fire_emu_c78d91f25ad4aafc {"metadata":{"emulator":{"name":"functions"},"function":{"name":"europe-central2-app"},"extension":{},"message":"[runtime-status] [3928] Listening to port: \\\\?\\pipe\\fire_emu_c78d91f25ad4aafc"}}
[debug] [2022-10-28T09:49:52.359Z] [functions] Runtime ready! Sending request! {"metadata":{"emulator":{"name":"functions"},"message":"[functions] Runtime ready! Sending request!"}}
[debug] [2022-10-28T09:49:52.359Z] [functions] Got req.url=/collections-lib/europe-central2/app/collections/635aec6b6c8550b380f5c878, mapping to path=/collections/635aec6b6c8550b380f5c878 {"metadata":{"emulator":{"name":"functions"},"message":"[functions] Got req.url=/collections-lib/europe-central2/app/collections/635aec6b6c8550b380f5c878, mapping to path=/collections/635aec6b6c8550b380f5c878"}}
[debug] [2022-10-28T09:49:52.360Z] [runtime-status] [3928] Ephemeral server handling GET request {"metadata":{"emulator":{"name":"functions"},"function":{"name":"europe-central2-app"},"extension":{},"message":"[runtime-status] [3928] Ephemeral server handling GET request"}}
[debug] [2022-10-28T09:49:52.361Z] [runtime-status] [3928] Ephemeral server survived. {"metadata":{"emulator":{"name":"functions"},"function":{"name":"europe-central2-app"},"extension":{},"message":"[runtime-status] [3928] Ephemeral server survived."}}
[info] >  D:\IT\Itransition\Project\server\services\collectionsService.js:11 {"user":"D:\\IT\\Itransition\\Project\\server\\services\\collectionsService.js:11\r","metadata":{"emulator":{"name":"functions"},"function":{"name":"europe-central2-app"},"extension":{},"message":"\u001b[90m> \u001b[39m D:\\IT\\Itransition\\Project\\server\\services\\collectionsService.js:11\r"}}
[info] >    return model.toObject(); {"user":"  return model.toObject();\r","metadata":{"emulator":{"name":"functions"},"function":{"name":"europe-central2-app"},"extension":{},"message":"\u001b[90m> \u001b[39m   return model.toObject();\r"}}
[info] >                 ^ {"user":"               ^\r","metadata":{"emulator":{"name":"functions"},"function":{"name":"europe-central2-app"},"extension":{},"message":"\u001b[90m> \u001b[39m                ^\r"}}
[info] >   {"user":"\r","metadata":{"emulator":{"name":"functions"},"function":{"name":"europe-central2-app"},"extension":{},"message":"\u001b[90m> \u001b[39m \r"}}
[info] >  TypeError: Cannot read properties of null (reading 'toObject') {"user":"TypeError: Cannot read properties of null (reading 'toObject')\r","metadata":{"emulator":{"name":"functions"},"function":{"name":"europe-central2-app"},"extension":{},"message":"\u001b[90m> \u001b[39m TypeError: Cannot read properties of null (reading 'toObject')\r"}}
[info] >      at Object.getCollectionById (D:\IT\Itransition\Project\server\services\collectionsService.js:11:16) {"user":"    at Object.getCollectionById (D:\\IT\\Itransition\\Project\\server\\services\\collectionsService.js:11:16)\r","metadata":{"emulator":{"name":"functions"},"function":{"name":"europe-central2-app"},"extension":{},"message":"\u001b[90m> \u001b[39m     at Object.getCollectionById (D:\\IT\\Itransition\\Project\\server\\services\\collectionsService.js:11:16)\r"}}
[info] >      at process.processTicksAndRejections (node:internal/process/task_queues:95:5) {"user":"    at process.processTicksAndRejections (node:internal/process/task_queues:95:5)\r","metadata":{"emulator":{"name":"functions"},"function":{"name":"europe-central2-app"},"extension":{},"message":"\u001b[90m> \u001b[39m     at process.processTicksAndRejections (node:internal/process/task_queues:95:5)\r"}}
[info] >      at async D:\IT\Itransition\Project\server\controllers\collectionsController.js:21:18 {"user":"    at async D:\\IT\\Itransition\\Project\\server\\controllers\\collectionsController.js:21:18\r","metadata":{"emulator":{"name":"functions"},"function":{"name":"europe-central2-app"},"extension":{},"message":"\u001b[90m> \u001b[39m     at async D:\\IT\\Itransition\\Project\\server\\controllers\\collectionsController.js:21:18\r"}}
[info] >   {"user":"\r","metadata":{"emulator":{"name":"functions"},"function":{"name":"europe-central2-app"},"extension":{},"message":"\u001b[90m> \u001b[39m \r"}}
[info] >  Node.js v18.7.0 {"user":"Node.js v18.7.0\r","metadata":{"emulator":{"name":"functions"},"function":{"name":"europe-central2-app"},"extension":{},"message":"\u001b[90m> \u001b[39m Node.js v18.7.0\r"}}
[debug] [2022-10-28T09:49:52.447Z] [worker-europe-central2-app-96395c49-3b14-4c9c-861a-cd620ab25b65]: exited {"metadata":{"emulator":{"name":"functions"},"message":"[worker-europe-central2-app-96395c49-3b14-4c9c-861a-cd620ab25b65]: exited"}}
[debug] [2022-10-28T09:49:52.447Z] [worker-europe-central2-app-96395c49-3b14-4c9c-861a-cd620ab25b65]: FINISHED {"metadata":{"emulator":{"name":"functions"},"message":"[worker-europe-central2-app-96395c49-3b14-4c9c-861a-cd620ab25b65]: FINISHED"}}
[debug] [2022-10-28T09:49:52.447Z] [work-queue] {"queueLength":0,"workRunningCount":0}
[debug] [2022-10-28T11:03:51.636Z] [work-queue] {"queueLength":1,"workRunningCount":0}
[debug] [2022-10-28T11:03:51.636Z] [work-queue] {"queueLength":0,"workRunningCount":1}
[debug] [2022-10-28T11:03:51.636Z] Accepted request GET /collections-lib/europe-central2/app/comments/last --> europe-central2-app
[debug] [2022-10-28T11:03:51.636Z] [worker-pool] Cleaned up workers for europe-central2-app: 1 --> 0 {"metadata":{"emulator":{"name":"functions"},"message":"[worker-pool] Cleaned up workers for europe-central2-app: 1 --> 0"}}
[info] i  functions: Loaded environment variables from .env. 
[debug] [2022-10-28T11:03:51.644Z] [worker-pool] addWorker(europe-central2-app) {"metadata":{"emulator":{"name":"functions"},"message":"[worker-pool] addWorker(europe-central2-app)"}}
[debug] [2022-10-28T11:03:51.644Z] [worker-pool] Adding worker with key europe-central2-app, total=1 {"metadata":{"emulator":{"name":"functions"},"message":"[worker-pool] Adding worker with key europe-central2-app, total=1"}}
[debug] [2022-10-28T11:03:51.644Z] [worker-pool] submitWork(triggerId=europe-central2-app) {"metadata":{"emulator":{"name":"functions"},"message":"[worker-pool] submitWork(triggerId=europe-central2-app)"}}
[debug] [2022-10-28T11:03:51.645Z] [worker-europe-central2-app-a8b2efaf-3465-4bc9-8279-6dbfdd9d6728]: BUSY {"metadata":{"emulator":{"name":"functions"},"message":"[worker-europe-central2-app-a8b2efaf-3465-4bc9-8279-6dbfdd9d6728]: BUSY"}}
[debug] [2022-10-28T11:03:52.765Z] [runtime-status] [17676] Resolved module firebase-admin {"declared":true,"installed":true,"version":"10.3.0","resolution":"D:\\IT\\Itransition\\Project\\server\\node_modules\\firebase-admin\\lib\\index.js"} {"metadata":{"emulator":{"name":"functions"},"function":{"name":"europe-central2-app"},"extension":{},"message":"[runtime-status] [17676] Resolved module firebase-admin {\"declared\":true,\"installed\":true,\"version\":\"10.3.0\",\"resolution\":\"D:\\\\IT\\\\Itransition\\\\Project\\\\server\\\\node_modules\\\\firebase-admin\\\\lib\\\\index.js\"}"}}
[debug] [2022-10-28T11:03:52.766Z] [runtime-status] [17676] Resolved module firebase-functions {"declared":true,"installed":true,"version":"3.24.1","resolution":"D:\\IT\\Itransition\\Project\\server\\node_modules\\firebase-functions\\lib\\index.js"} {"metadata":{"emulator":{"name":"functions"},"function":{"name":"europe-central2-app"},"extension":{},"message":"[runtime-status] [17676] Resolved module firebase-functions {\"declared\":true,\"installed\":true,\"version\":\"3.24.1\",\"resolution\":\"D:\\\\IT\\\\Itransition\\\\Project\\\\server\\\\node_modules\\\\firebase-functions\\\\lib\\\\index.js\"}"}}
[debug] [2022-10-28T11:03:52.766Z] [runtime-status] [17676] Outgoing network have been stubbed. [{"name":"http","status":"mocked"},{"name":"http","status":"mocked"},{"name":"https","status":"mocked"},{"name":"https","status":"mocked"},{"name":"net","status":"mocked"}] {"metadata":{"emulator":{"name":"functions"},"function":{"name":"europe-central2-app"},"extension":{},"message":"[runtime-status] [17676] Outgoing network have been stubbed. [{\"name\":\"http\",\"status\":\"mocked\"},{\"name\":\"http\",\"status\":\"mocked\"},{\"name\":\"https\",\"status\":\"mocked\"},{\"name\":\"https\",\"status\":\"mocked\"},{\"name\":\"net\",\"status\":\"mocked\"}]"}}
[debug] [2022-10-28T11:03:52.767Z] [runtime-status] [17676] Resolved module firebase-functions {"declared":true,"installed":true,"version":"3.24.1","resolution":"D:\\IT\\Itransition\\Project\\server\\node_modules\\firebase-functions\\lib\\index.js"} {"metadata":{"emulator":{"name":"functions"},"function":{"name":"europe-central2-app"},"extension":{},"message":"[runtime-status] [17676] Resolved module firebase-functions {\"declared\":true,\"installed\":true,\"version\":\"3.24.1\",\"resolution\":\"D:\\\\IT\\\\Itransition\\\\Project\\\\server\\\\node_modules\\\\firebase-functions\\\\lib\\\\index.js\"}"}}
[debug] [2022-10-28T11:03:52.822Z] [runtime-status] [17676] Checked functions.config() {"config":{}} {"metadata":{"emulator":{"name":"functions"},"function":{"name":"europe-central2-app"},"extension":{},"message":"[runtime-status] [17676] Checked functions.config() {\"config\":{}}"}}
[debug] [2022-10-28T11:03:52.822Z] [runtime-status] [17676] firebase-functions has been stubbed. {"functionsResolution":{"declared":true,"installed":true,"version":"3.24.1","resolution":"D:\\IT\\Itransition\\Project\\server\\node_modules\\firebase-functions\\lib\\index.js"}} {"metadata":{"emulator":{"name":"functions"},"function":{"name":"europe-central2-app"},"extension":{},"message":"[runtime-status] [17676] firebase-functions has been stubbed. {\"functionsResolution\":{\"declared\":true,\"installed\":true,\"version\":\"3.24.1\",\"resolution\":\"D:\\\\IT\\\\Itransition\\\\Project\\\\server\\\\node_modules\\\\firebase-functions\\\\lib\\\\index.js\"}}"}}
[debug] [2022-10-28T11:03:52.822Z] [runtime-status] [17676] Resolved module firebase-functions {"declared":true,"installed":true,"version":"3.24.1","resolution":"D:\\IT\\Itransition\\Project\\server\\node_modules\\firebase-functions\\lib\\index.js"} {"metadata":{"emulator":{"name":"functions"},"function":{"name":"europe-central2-app"},"extension":{},"message":"[runtime-status] [17676] Resolved module firebase-functions {\"declared\":true,\"installed\":true,\"version\":\"3.24.1\",\"resolution\":\"D:\\\\IT\\\\Itransition\\\\Project\\\\server\\\\node_modules\\\\firebase-functions\\\\lib\\\\index.js\"}"}}
[debug] [2022-10-28T11:03:52.824Z] [runtime-status] [17676] Resolved module firebase-admin {"declared":true,"installed":true,"version":"10.3.0","resolution":"D:\\IT\\Itransition\\Project\\server\\node_modules\\firebase-admin\\lib\\index.js"} {"metadata":{"emulator":{"name":"functions"},"function":{"name":"europe-central2-app"},"extension":{},"message":"[runtime-status] [17676] Resolved module firebase-admin {\"declared\":true,\"installed\":true,\"version\":\"10.3.0\",\"resolution\":\"D:\\\\IT\\\\Itransition\\\\Project\\\\server\\\\node_modules\\\\firebase-admin\\\\lib\\\\index.js\"}"}}
[debug] [2022-10-28T11:03:52.824Z] [runtime-status] [17676] Resolved module firebase-functions {"declared":true,"installed":true,"version":"3.24.1","resolution":"D:\\IT\\Itransition\\Project\\server\\node_modules\\firebase-functions\\lib\\index.js"} {"metadata":{"emulator":{"name":"functions"},"function":{"name":"europe-central2-app"},"extension":{},"message":"[runtime-status] [17676] Resolved module firebase-functions {\"declared\":true,\"installed\":true,\"version\":\"3.24.1\",\"resolution\":\"D:\\\\IT\\\\Itransition\\\\Project\\\\server\\\\node_modules\\\\firebase-functions\\\\lib\\\\index.js\"}"}}
[debug] [2022-10-28T11:03:52.825Z] [runtime-status] [17676] firebase-admin has been stubbed. {"adminResolution":{"declared":true,"installed":true,"version":"10.3.0","resolution":"D:\\IT\\Itransition\\Project\\server\\node_modules\\firebase-admin\\lib\\index.js"}} {"metadata":{"emulator":{"name":"functions"},"function":{"name":"europe-central2-app"},"extension":{},"message":"[runtime-status] [17676] firebase-admin has been stubbed. {\"adminResolution\":{\"declared\":true,\"installed\":true,\"version\":\"10.3.0\",\"resolution\":\"D:\\\\IT\\\\Itransition\\\\Project\\\\server\\\\node_modules\\\\firebase-admin\\\\lib\\\\index.js\"}}"}}
[debug] [2022-10-28T11:03:52.825Z] [runtime-status] [17676] Functions runtime initialized. {"cwd":"D:\\IT\\Itransition\\Project\\server","node_version":"18.7.0"} {"metadata":{"emulator":{"name":"functions"},"function":{"name":"europe-central2-app"},"extension":{},"message":"[runtime-status] [17676] Functions runtime initialized. {\"cwd\":\"D:\\\\IT\\\\Itransition\\\\Project\\\\server\",\"node_version\":\"18.7.0\"}"}}
[debug] [2022-10-28T11:03:53.553Z] [runtime-status] [17676] Beginning invocation function app! {"metadata":{"emulator":{"name":"functions"},"function":{"name":"europe-central2-app"},"extension":{},"message":"[runtime-status] [17676] Beginning invocation function app!"}}
[info] i  functions: Beginning execution of "app" {"metadata":{"emulator":{"name":"functions"},"function":{"name":"europe-central2-app"},"extension":{},"message":"Beginning execution of \"app\""}}
[debug] [2022-10-28T11:03:53.555Z] [runtime-status] [17676] Running app in signature http {"metadata":{"emulator":{"name":"functions"},"function":{"name":"europe-central2-app"},"extension":{},"message":"[runtime-status] [17676] Running app in signature http"}}
[debug] [2022-10-28T11:03:53.558Z] [runtime-status] [17676] Listening to port: \\?\pipe\fire_emu_0cb68518c642d9d1 {"metadata":{"emulator":{"name":"functions"},"function":{"name":"europe-central2-app"},"extension":{},"message":"[runtime-status] [17676] Listening to port: \\\\?\\pipe\\fire_emu_0cb68518c642d9d1"}}
[debug] [2022-10-28T11:03:53.641Z] [functions] Runtime ready! Sending request! {"metadata":{"emulator":{"name":"functions"},"message":"[functions] Runtime ready! Sending request!"}}
[debug] [2022-10-28T11:03:53.641Z] [functions] Got req.url=/collections-lib/europe-central2/app/comments/last, mapping to path=/comments/last {"metadata":{"emulator":{"name":"functions"},"message":"[functions] Got req.url=/collections-lib/europe-central2/app/comments/last, mapping to path=/comments/last"}}
[debug] [2022-10-28T11:03:53.642Z] [runtime-status] [17676] Ephemeral server handling GET request {"metadata":{"emulator":{"name":"functions"},"function":{"name":"europe-central2-app"},"extension":{},"message":"[runtime-status] [17676] Ephemeral server handling GET request"}}
[debug] [2022-10-28T11:03:53.645Z] [runtime-status] [17676] Ephemeral server survived. {"metadata":{"emulator":{"name":"functions"},"function":{"name":"europe-central2-app"},"extension":{},"message":"[runtime-status] [17676] Ephemeral server survived."}}
[info] i  functions: Finished "app" in ~1s {"metadata":{"emulator":{"name":"functions"},"function":{"name":"europe-central2-app"},"extension":{},"message":"Finished \"app\" in ~1s"}}
[debug] [2022-10-28T11:03:54.563Z] [worker-europe-central2-app-a8b2efaf-3465-4bc9-8279-6dbfdd9d6728]: IDLE {"metadata":{"emulator":{"name":"functions"},"message":"[worker-europe-central2-app-a8b2efaf-3465-4bc9-8279-6dbfdd9d6728]: IDLE"}}
[debug] [2022-10-28T11:03:54.563Z] [work-queue] {"queueLength":0,"workRunningCount":0}
